[2020-09-06 01:00:25] [INFO ] INFO: initTransaction - amount: 0, sessionId: 5f545ed911f27, buyOrder: , txDate: 06-09-2020, txTime: 01:00:25
[2020-09-06 01:00:25] [INFO ] INFO: initTransaction - initResult: {"error":"Error conectando a Webpay (Verificar que la informaci&oacute;n del certificado sea correcta)","detail":" Invalid amount(304) "}
[2020-09-06 01:00:25] [ERROR] ERROR: {"error":"Error al crear la transacci\u00f3n","detail":"No se ha creado la transacci\u00f3n para, amount: 0, sessionId: 5f545ed911f27, buyOrder: "}
[2020-09-06 01:00:41] [INFO ] INFO: initTransaction - amount: 0, sessionId: 5f545ee9bdc04, buyOrder: , txDate: 06-09-2020, txTime: 01:00:41
[2020-09-06 01:00:41] [INFO ] INFO: initTransaction - initResult: {"error":"Error conectando a Webpay (Verificar que la informaci&oacute;n del certificado sea correcta)","detail":" Invalid amount(304) "}
[2020-09-06 01:00:41] [ERROR] ERROR: {"error":"Error al crear la transacci\u00f3n","detail":"No se ha creado la transacci\u00f3n para, amount: 0, sessionId: 5f545ee9bdc04, buyOrder: "}
[2020-09-06 01:00:49] [INFO ] INFO: initTransaction - amount: 0, sessionId: 5f545ef14c92b, buyOrder: , txDate: 06-09-2020, txTime: 01:00:49
[2020-09-06 01:00:50] [INFO ] INFO: initTransaction - initResult: {"error":"Error conectando a Webpay (Verificar que la informaci&oacute;n del certificado sea correcta)","detail":" Invalid amount(304) "}
[2020-09-06 01:00:50] [ERROR] ERROR: {"error":"Error al crear la transacci\u00f3n","detail":"No se ha creado la transacci\u00f3n para, amount: 0, sessionId: 5f545ef14c92b, buyOrder: "}
[2020-09-06 01:01:46] [INFO ] INFO: initTransaction - amount: 0, sessionId: 5f545f2a123dd, buyOrder: , txDate: 06-09-2020, txTime: 01:01:46
[2020-09-06 01:01:46] [INFO ] INFO: initTransaction - initResult: {"error":"Error conectando a Webpay (Verificar que la informaci&oacute;n del certificado sea correcta)","detail":" Invalid amount(304) "}
[2020-09-06 01:01:46] [ERROR] ERROR: {"error":"Error al crear la transacci\u00f3n","detail":"No se ha creado la transacci\u00f3n para, amount: 0, sessionId: 5f545f2a123dd, buyOrder: "}
[2020-09-06 01:02:55] [INFO ] INFO: initTransaction - amount: 58756, sessionId: 5f545f6fcd837, buyOrder: 32123, txDate: 06-09-2020, txTime: 01:02:55
[2020-09-06 01:02:56] [INFO ] INFO: initTransaction - initResult: {"return":null,"token":"e9e90e307f49a716373749fbc203e6f964d5154eb0800c62ec72fedcb9870f62","url":"https:\/\/webpay3g.transbank.cl:443\/webpayserver\/initTransaction"}
[2020-09-06 01:03:09] [INFO ] INFO: initTransaction - amount: 58756, sessionId: 5f545f7deeed3, buyOrder: 32123, txDate: 06-09-2020, txTime: 01:03:09
[2020-09-06 01:03:10] [INFO ] INFO: initTransaction - initResult: {"return":null,"token":"ecfced19b71aee1bff2dce894fb250c95cae540d091292dd9ec11101397d2aa5","url":"https:\/\/webpay3g.transbank.cl:443\/webpayserver\/initTransaction"}
[2020-09-06 01:08:57] [INFO ] INFO: initTransaction - amount: 58756, sessionId: 5f5460d975c89, buyOrder: 32098, txDate: 06-09-2020, txTime: 01:08:57
[2020-09-06 01:08:57] [INFO ] INFO: initTransaction - initResult: {"return":null,"token":"e7df46d4acffd18e925bda12e273bb91472c1af938bdfcda8161fb6e5a2e6942","url":"https:\/\/webpay3g.transbank.cl:443\/webpayserver\/initTransaction"}
[2020-09-06 01:37:28] [INFO ] INFO: initTransaction - amount: 58756, sessionId: 5f546788ccc9e, buyOrder: 32123, txDate: 06-09-2020, txTime: 01:37:28
[2020-09-06 01:37:29] [INFO ] INFO: initTransaction - initResult: {"return":null,"token":"e8eb2ca9bbc79417b08f95e999dee51432e30d55b098c590de38d0c82dab59bc","url":"https:\/\/webpay3g.transbank.cl:443\/webpayserver\/initTransaction"}
[2020-09-06 04:05:34] [INFO ] INFO: initTransaction - amount: 104940, sessionId: 5f548a3e5b98d, buyOrder: 32142, txDate: 06-09-2020, txTime: 04:05:34
[2020-09-06 04:05:34] [INFO ] INFO: initTransaction - initResult: {"return":null,"token":"e3503aa9382fc8e094a0d1c67765745865d8e75ac4cc13a4fc5139fd158ff5f6","url":"https:\/\/webpay3g.transbank.cl:443\/webpayserver\/initTransaction"}
[2020-09-06 04:07:00] [INFO ] INFO: initTransaction - amount: 104940, sessionId: 5f548a94c6fcb, buyOrder: 32142, txDate: 06-09-2020, txTime: 04:07:00
[2020-09-06 04:07:01] [INFO ] INFO: initTransaction - initResult: {"return":null,"token":"e02002a5ac6e7fcf3cdeb9b4df3696e02093611eb9b64589324e09d35775bf27","url":"https:\/\/webpay3g.transbank.cl:443\/webpayserver\/initTransaction"}
[2020-09-06 04:25:20] [INFO ] INFO: initTransaction - amount: 104940, sessionId: 5f548ee06e274, buyOrder: 32142, txDate: 06-09-2020, txTime: 04:25:20
[2020-09-06 04:25:20] [INFO ] INFO: initTransaction - initResult: {"return":null,"token":"ee8ed1a56ead6d9b51ac2a633b1e65eabb92b63bf69697a2ace603de64944afa","url":"https:\/\/webpay3g.transbank.cl:443\/webpayserver\/initTransaction"}
[2020-09-06 04:51:52] [INFO ] INFO: initTransaction - amount: 104940, sessionId: 5f54951876762, buyOrder: 32142, txDate: 06-09-2020, txTime: 04:51:52
[2020-09-06 04:51:53] [INFO ] INFO: initTransaction - initResult: {"return":null,"token":"e6094da5f6b29c8e4b64072aa6fbbc15ed31620949a022bafda1ee699cc3dc39","url":"https:\/\/webpay3g.transbank.cl:443\/webpayserver\/initTransaction"}
[2020-09-06 08:18:59] [INFO ] INFO: initTransaction - amount: 58756, sessionId: 5f54c5a31eef5, buyOrder: 32098, txDate: 06-09-2020, txTime: 08:18:59
[2020-09-06 08:18:59] [INFO ] INFO: initTransaction - initResult: {"return":null,"token":"e8899d802360c9a583a1ae873d0cf0e577cc1052a7c64262d02caf866f520b0c","url":"https:\/\/webpay3g.transbank.cl:443\/webpayserver\/initTransaction"}
[2020-09-06 08:20:13] [INFO ] INFO: initTransaction - amount: 58756, sessionId: 5f54c5edd3ad9, buyOrder: 32098, txDate: 06-09-2020, txTime: 08:20:13
[2020-09-06 08:20:14] [INFO ] INFO: initTransaction - initResult: {"return":null,"token":"e57fd79520995f4f54a056b492592d1890f0c526fb9de2b524e916e0b20f5996","url":"https:\/\/webpay3g.transbank.cl:443\/webpayserver\/initTransaction"}
[2020-09-06 08:43:01] [INFO ] INFO: initTransaction - amount: 20020, sessionId: 5f54cb457cf16, buyOrder: 32144, txDate: 06-09-2020, txTime: 08:43:01
[2020-09-06 08:43:01] [INFO ] INFO: initTransaction - initResult: {"return":null,"token":"e47ade2630602a1bf219c9d8e42729796b960c919923487f984acfa495d6287e","url":"https:\/\/webpay3g.transbank.cl:443\/webpayserver\/initTransaction"}
[2020-09-06 10:14:26] [INFO ] INFO: initTransaction - amount: 17430, sessionId: 5f54e0b2c720f, buyOrder: 32146, txDate: 06-09-2020, txTime: 10:14:26
[2020-09-06 10:14:26] [INFO ] INFO: initTransaction - initResult: {"return":null,"token":"e593178050c9652fb190c79cd692cc965667f3e8d9f943d66c4d36f5ffec5446","url":"https:\/\/webpay3g.transbank.cl:443\/webpayserver\/initTransaction"}
[2020-09-06 10:17:54] [INFO ] INFO: initTransaction - amount: 17430, sessionId: 5f54e18209479, buyOrder: 32146, txDate: 06-09-2020, txTime: 10:17:54
[2020-09-06 10:17:54] [INFO ] INFO: initTransaction - initResult: {"return":null,"token":"e6212e48aa671ad5fb2114eb5dad7907b3b1c45edd4c549d52b5506134c7e616","url":"https:\/\/webpay3g.transbank.cl:443\/webpayserver\/initTransaction"}
[2020-09-06 10:19:19] [INFO ] INFO: getTransactionResult - tokenWs: e6212e48aa671ad5fb2114eb5dad7907b3b1c45edd4c549d52b5506134c7e616
[2020-09-06 10:19:35] [INFO ] INFO: initTransaction - amount: 56766, sessionId: 5f54e1e7dcd80, buyOrder: 32149, txDate: 06-09-2020, txTime: 10:19:35
[2020-09-06 10:19:36] [INFO ] INFO: initTransaction - initResult: {"return":null,"token":"e0fa2b13b0778530aa441992cbffd96b8229f84a5a3c1251c20e725371ec0a00","url":"https:\/\/webpay3g.transbank.cl:443\/webpayserver\/initTransaction"}
[2020-09-06 12:16:57] [INFO ] INFO: initTransaction - amount: 60772, sessionId: 5f54fd69923ff, buyOrder: 30941, txDate: 06-09-2020, txTime: 12:16:57
[2020-09-06 12:16:59] [INFO ] INFO: initTransaction - initResult: {"return":null,"token":"e10c08282028a1d06defd6f9bac167aa69857d8c8e879b762cba39b756f50e4c","url":"https:\/\/webpay3g.transbank.cl:443\/webpayserver\/initTransaction"}
[2020-09-06 12:18:11] [INFO ] INFO: initTransaction - amount: 60772, sessionId: 5f54fdb3e2658, buyOrder: 30941, txDate: 06-09-2020, txTime: 12:18:11
[2020-09-06 12:18:12] [INFO ] INFO: initTransaction - initResult: {"return":null,"token":"ed16099c9f17d040c96744657dda83cacdb4f5120df019e5dfd7102fdf43afbb","url":"https:\/\/webpay3g.transbank.cl:443\/webpayserver\/initTransaction"}
[2020-09-06 12:37:13] [INFO ] INFO: initTransaction - amount: 94344, sessionId: 5f550229d8305, buyOrder: 32155, txDate: 06-09-2020, txTime: 12:37:13
[2020-09-06 12:37:14] [INFO ] INFO: initTransaction - initResult: {"return":null,"token":"eb563101c19e67d20e93aea4fa3b72737abe4485d032903f4819815185507f75","url":"https:\/\/webpay3g.transbank.cl:443\/webpayserver\/initTransaction"}
[2020-09-06 13:04:16] [INFO ] INFO: initTransaction - amount: 38750, sessionId: 5f5508800dfde, buyOrder: 32157, txDate: 06-09-2020, txTime: 13:04:16
[2020-09-06 13:04:16] [INFO ] INFO: initTransaction - initResult: {"return":null,"token":"e6c5c7784888dd26af6745676beaef1e7345984fc3131dc43fd43afab534436d","url":"https:\/\/webpay3g.transbank.cl:443\/webpayserver\/initTransaction"}
[2020-09-06 13:31:44] [INFO ] INFO: initTransaction - amount: 30376, sessionId: 5f550ef06ed4b, buyOrder: 32160, txDate: 06-09-2020, txTime: 13:31:44
[2020-09-06 13:31:44] [INFO ] INFO: initTransaction - initResult: {"return":null,"token":"ebbea1f05488da502c20ddc6e2e843e5154dd7a49ca80706458e080436652d3d","url":"https:\/\/webpay3g.transbank.cl:443\/webpayserver\/initTransaction"}
[2020-09-06 13:34:25] [INFO ] INFO: initTransaction - amount: 30376, sessionId: 5f550f919048e, buyOrder: 32160, txDate: 06-09-2020, txTime: 13:34:25
[2020-09-06 13:34:25] [INFO ] INFO: initTransaction - initResult: {"return":null,"token":"e681b90206e520a62c1b8572e5fd7b31dfe19a7eed8a476c37a43dbd2418a11a","url":"https:\/\/webpay3g.transbank.cl:443\/webpayserver\/initTransaction"}
[2020-09-06 13:35:30] [INFO ] INFO: getTransactionResult - tokenWs: e681b90206e520a62c1b8572e5fd7b31dfe19a7eed8a476c37a43dbd2418a11a
[2020-09-06 14:48:38] [INFO ] INFO: initTransaction - amount: 53580, sessionId: 5f5520f6b5084, buyOrder: 30941, txDate: 06-09-2020, txTime: 14:48:38
[2020-09-06 14:48:38] [INFO ] INFO: initTransaction - initResult: {"return":null,"token":"ed6b8025e68391c15c8152f24ec4709b746a0f27d3b1673988fb7a8faabaeb5a","url":"https:\/\/webpay3g.transbank.cl:443\/webpayserver\/initTransaction"}
[2020-09-06 14:49:56] [INFO ] INFO: getTransactionResult - tokenWs: ed6b8025e68391c15c8152f24ec4709b746a0f27d3b1673988fb7a8faabaeb5a
[2020-09-06 16:43:00] [INFO ] INFO: initTransaction - amount: 93925, sessionId: 5f553bc4e5398, buyOrder: 31385, txDate: 06-09-2020, txTime: 16:43:00
[2020-09-06 16:43:01] [INFO ] INFO: initTransaction - initResult: {"return":null,"token":"e083b0717d64c87ca177867f5183579ddbac09bbefed8b1257d8849c9a47700c","url":"https:\/\/webpay3g.transbank.cl:443\/webpayserver\/initTransaction"}
[2020-09-06 16:43:11] [INFO ] INFO: initTransaction - amount: 93925, sessionId: 5f553bcf64c72, buyOrder: 31385, txDate: 06-09-2020, txTime: 16:43:11
[2020-09-06 16:43:11] [INFO ] INFO: initTransaction - initResult: {"return":null,"token":"ed44055b5adb0eb3ed41fa3e6ea16bdeafa1ceba4b6a28f373866f4f5250a4bd","url":"https:\/\/webpay3g.transbank.cl:443\/webpayserver\/initTransaction"}
[2020-09-06 16:44:46] [INFO ] INFO: initTransaction - amount: 93925, sessionId: 5f553c2e8522a, buyOrder: 31385, txDate: 06-09-2020, txTime: 16:44:46
[2020-09-06 16:44:46] [INFO ] INFO: initTransaction - initResult: {"return":null,"token":"ee63550f22c7adf3055b438746b61665daccba9c007226f694b3d71d19fada2d","url":"https:\/\/webpay3g.transbank.cl:443\/webpayserver\/initTransaction"}
[2020-09-06 16:46:35] [INFO ] INFO: initTransaction - amount: 93925, sessionId: 5f553c9b8a838, buyOrder: 31385, txDate: 06-09-2020, txTime: 16:46:35
[2020-09-06 16:46:35] [INFO ] INFO: initTransaction - initResult: {"return":null,"token":"e3d97a2165a7e068852e191e1b25aec1ced505500d71d9d11f8f8a2d22dbe895","url":"https:\/\/webpay3g.transbank.cl:443\/webpayserver\/initTransaction"}
[2020-09-06 16:46:42] [INFO ] INFO: initTransaction - amount: 93925, sessionId: 5f553ca2e3457, buyOrder: 31385, txDate: 06-09-2020, txTime: 16:46:42
[2020-09-06 16:46:43] [INFO ] INFO: initTransaction - initResult: {"return":null,"token":"ef1e063166f5511b8e7a86c91822eb9154b9c16b6ab96aa6cf981d80c6fd5538","url":"https:\/\/webpay3g.transbank.cl:443\/webpayserver\/initTransaction"}
[2020-09-06 17:13:21] [INFO ] INFO: initTransaction - amount: 60768, sessionId: 5f5542e11daea, buyOrder: 31915, txDate: 06-09-2020, txTime: 17:13:21
[2020-09-06 17:13:21] [INFO ] INFO: initTransaction - initResult: {"return":null,"token":"e7231ff898795d900ec0787b7473cf283f63d189bf385d9f5656a9815fcbd413","url":"https:\/\/webpay3g.transbank.cl:443\/webpayserver\/initTransaction"}
[2020-09-06 17:21:58] [INFO ] INFO: initTransaction - amount: 49769, sessionId: 5f5544e605770, buyOrder: 32177, txDate: 06-09-2020, txTime: 17:21:58
[2020-09-06 17:21:58] [INFO ] INFO: initTransaction - initResult: {"return":null,"token":"e002ed6d3212bc59ed68b8864253f4bde20ef011360b8fc45d7b75b28e96eaf4","url":"https:\/\/webpay3g.transbank.cl:443\/webpayserver\/initTransaction"}
[2020-09-06 17:22:53] [INFO ] INFO: getTransactionResult - tokenWs: e002ed6d3212bc59ed68b8864253f4bde20ef011360b8fc45d7b75b28e96eaf4
[2020-09-06 18:24:32] [INFO ] INFO: initTransaction - amount: 42982, sessionId: 5f555390c7249, buyOrder: 32186, txDate: 06-09-2020, txTime: 18:24:32
[2020-09-06 18:24:33] [INFO ] INFO: initTransaction - initResult: {"return":null,"token":"e0c4f5ce3034a0c3d52741afdeee944ebf8dea0e7975d8c43edc73dc350a47cb","url":"https:\/\/webpay3g.transbank.cl:443\/webpayserver\/initTransaction"}
[2020-09-06 18:26:14] [INFO ] INFO: getTransactionResult - tokenWs: e0c4f5ce3034a0c3d52741afdeee944ebf8dea0e7975d8c43edc73dc350a47cb
[2020-09-06 19:07:56] [INFO ] INFO: initTransaction - amount: 38770, sessionId: 5f555dbc3bf82, buyOrder: 32182, txDate: 06-09-2020, txTime: 19:07:56
[2020-09-06 19:07:56] [INFO ] INFO: initTransaction - initResult: {"return":null,"token":"e4dc00fcc59c072993f6949523fd7fd2481786dfb37512b945fd3ea751ccf99a","url":"https:\/\/webpay3g.transbank.cl:443\/webpayserver\/initTransaction"}
[2020-09-06 19:08:44] [INFO ] INFO: getTransactionResult - tokenWs: e4dc00fcc59c072993f6949523fd7fd2481786dfb37512b945fd3ea751ccf99a
[2020-09-06 19:55:57] [INFO ] INFO: initTransaction - amount: 25930, sessionId: 5f5568fd92af0, buyOrder: 32193, txDate: 06-09-2020, txTime: 19:55:57
[2020-09-06 19:55:58] [INFO ] INFO: initTransaction - initResult: {"return":null,"token":"e3a0cf8c8a8b7467aaf71057024262920a2af490619ca96a73b530260e6d169f","url":"https:\/\/webpay3g.transbank.cl:443\/webpayserver\/initTransaction"}
[2020-09-06 20:03:41] [INFO ] INFO: initTransaction - amount: 25930, sessionId: 5f556acd361f4, buyOrder: 32193, txDate: 06-09-2020, txTime: 20:03:41
[2020-09-06 20:03:41] [INFO ] INFO: initTransaction - initResult: {"return":null,"token":"e10735744518786916f9477569adc8e9a1bd90a2a79d11aba9ce2c0ab1b91c4b","url":"https:\/\/webpay3g.transbank.cl:443\/webpayserver\/initTransaction"}
[2020-09-06 20:05:14] [INFO ] INFO: initTransaction - amount: 25930, sessionId: 5f556b2a90db7, buyOrder: 32193, txDate: 06-09-2020, txTime: 20:05:14
[2020-09-06 20:05:14] [INFO ] INFO: initTransaction - initResult: {"return":null,"token":"e0142430dcd7fcc1948beffaac3e65cf60f3bbf56d2360479b3ea8690bcb33d8","url":"https:\/\/webpay3g.transbank.cl:443\/webpayserver\/initTransaction"}
[2020-09-06 20:20:40] [INFO ] INFO: initTransaction - amount: 118920, sessionId: 5f556ec835ee2, buyOrder: 32142, txDate: 06-09-2020, txTime: 20:20:40
[2020-09-06 20:20:40] [INFO ] INFO: initTransaction - initResult: {"return":null,"token":"eb9c93c13e9f8dbd6cb1f98dd852378b988c1911bdb907222fd222f706b52741","url":"https:\/\/webpay3g.transbank.cl:443\/webpayserver\/initTransaction"}
[2020-09-06 20:24:00] [INFO ] INFO: initTransaction - amount: 111930, sessionId: 5f556f908de27, buyOrder: 32142, txDate: 06-09-2020, txTime: 20:24:00
[2020-09-06 20:24:00] [INFO ] INFO: initTransaction - initResult: {"return":null,"token":"ec21c8a42da1ea2cbc1b39b2b783b4c1416f19126f9338209fb899442908553b","url":"https:\/\/webpay3g.transbank.cl:443\/webpayserver\/initTransaction"}
[2020-09-06 21:24:09] [INFO ] INFO: initTransaction - amount: 26462, sessionId: 5f557da9c967a, buyOrder: 32202, txDate: 06-09-2020, txTime: 21:24:09
[2020-09-06 21:24:10] [INFO ] INFO: initTransaction - initResult: {"return":null,"token":"eac147dacd92f121f6e12e7c3d0c74ec57e810a3c40ab1ed65049616d1b182a4","url":"https:\/\/webpay3g.transbank.cl:443\/webpayserver\/initTransaction"}
[2020-09-06 21:25:29] [INFO ] INFO: initTransaction - amount: 26462, sessionId: 5f557df91308f, buyOrder: 32202, txDate: 06-09-2020, txTime: 21:25:29
[2020-09-06 21:25:29] [INFO ] INFO: initTransaction - initResult: {"return":null,"token":"e4e2e6068d26431e58cedb73c65c40b2816a4fbdb0493b0f319da123554d8f1f","url":"https:\/\/webpay3g.transbank.cl:443\/webpayserver\/initTransaction"}
[2020-09-06 21:28:41] [INFO ] INFO: initTransaction - amount: 26462, sessionId: 5f557eb90fd49, buyOrder: 32202, txDate: 06-09-2020, txTime: 21:28:41
[2020-09-06 21:28:41] [INFO ] INFO: initTransaction - initResult: {"return":null,"token":"e30a1b8cd04818de8588d846fe3a8f0c6972d73a01894984ed8f3a0d04abb72f","url":"https:\/\/webpay3g.transbank.cl:443\/webpayserver\/initTransaction"}
[2020-09-06 21:46:49] [INFO ] INFO: initTransaction - amount: 26462, sessionId: 5f5582f986611, buyOrder: 32202, txDate: 06-09-2020, txTime: 21:46:49
[2020-09-06 21:46:49] [INFO ] INFO: initTransaction - initResult: {"return":null,"token":"ea1d43eaa39d4685ee60d7d334eb8ac9faa12174071317cc7096a03bd2563b70","url":"https:\/\/webpay3g.transbank.cl:443\/webpayserver\/initTransaction"}
[2020-09-06 22:10:20] [INFO ] INFO: initTransaction - amount: 16382, sessionId: 5f55887c8204f, buyOrder: 32209, txDate: 06-09-2020, txTime: 22:10:20
[2020-09-06 22:10:20] [INFO ] INFO: initTransaction - initResult: {"return":null,"token":"eeee0ea9bc987a458184b52f6ae5396ed88628b7205099b272ee4e812ad0aaf6","url":"https:\/\/webpay3g.transbank.cl:443\/webpayserver\/initTransaction"}
[2020-09-06 22:26:05] [INFO ] INFO: initTransaction - amount: 334630, sessionId: 5f558c2db2099, buyOrder: 31908, txDate: 06-09-2020, txTime: 22:26:05
[2020-09-06 22:26:05] [INFO ] INFO: initTransaction - initResult: {"return":null,"token":"e3bdc5aa040d86d8e253feb284d4a63c377e37afb34563d462fefc0a323a948b","url":"https:\/\/webpay3g.transbank.cl:443\/webpayserver\/initTransaction"}
[2020-09-06 22:28:00] [INFO ] INFO: getTransactionResult - tokenWs: e3bdc5aa040d86d8e253feb284d4a63c377e37afb34563d462fefc0a323a948b
[2020-09-06 22:37:41] [INFO ] INFO: initTransaction - amount: 86632, sessionId: 5f558ee53882a, buyOrder: 31937, txDate: 06-09-2020, txTime: 22:37:41
[2020-09-06 22:37:41] [INFO ] INFO: initTransaction - initResult: {"return":null,"token":"e50202f807670e94279816b3e93c6139c0705f3df3d28ebea0647816703594d6","url":"https:\/\/webpay3g.transbank.cl:443\/webpayserver\/initTransaction"}
[2020-09-06 22:38:56] [INFO ] INFO: getTransactionResult - tokenWs: e50202f807670e94279816b3e93c6139c0705f3df3d28ebea0647816703594d6
[2020-09-06 22:44:38] [INFO ] INFO: initTransaction - amount: 29990, sessionId: 5f559086e821b, buyOrder: 32215, txDate: 06-09-2020, txTime: 22:44:38
[2020-09-06 22:44:39] [INFO ] INFO: initTransaction - initResult: {"return":null,"token":"eceadabe8f5df8d800ca4311b879987be47943762a0d751fd76d9c7ab359ee05","url":"https:\/\/webpay3g.transbank.cl:443\/webpayserver\/initTransaction"}
[2020-09-06 23:00:36] [INFO ] INFO: getTransactionResult - tokenWs: eceadabe8f5df8d800ca4311b879987be47943762a0d751fd76d9c7ab359ee05
[2020-09-06 23:02:09] [INFO ] INFO: initTransaction - amount: 29990, sessionId: 5f5594a18e07f, buyOrder: 32218, txDate: 06-09-2020, txTime: 23:02:09
[2020-09-06 23:02:09] [INFO ] INFO: initTransaction - initResult: {"return":null,"token":"e349a3c3ff016856a5a17d38b360178f6ab590fd2d24eadea6d00a86c152e30e","url":"https:\/\/webpay3g.transbank.cl:443\/webpayserver\/initTransaction"}
[2020-09-06 23:11:05] [INFO ] INFO: initTransaction - amount: 76768, sessionId: 5f5596b96ef68, buyOrder: 31784, txDate: 06-09-2020, txTime: 23:11:05
[2020-09-06 23:11:05] [INFO ] INFO: initTransaction - initResult: {"return":null,"token":"ef7313d3dd8565dd52b5ec4d8a274c9239110a6d179bd3779f5e30d1ba275bb0","url":"https:\/\/webpay3g.transbank.cl:443\/webpayserver\/initTransaction"}
[2020-09-06 23:12:44] [INFO ] INFO: getTransactionResult - tokenWs: ef7313d3dd8565dd52b5ec4d8a274c9239110a6d179bd3779f5e30d1ba275bb0
[2020-09-06 23:21:15] [INFO ] INFO: initTransaction - amount: 17980, sessionId: 5f55991b978d1, buyOrder: 32221, txDate: 06-09-2020, txTime: 23:21:15
[2020-09-06 23:21:15] [INFO ] INFO: initTransaction - initResult: {"return":null,"token":"e93315b0f9aada984ca74637a9957df3f224d0ff0247bb68db9e32053e820765","url":"https:\/\/webpay3g.transbank.cl:443\/webpayserver\/initTransaction"}
[2020-09-06 23:21:24] [INFO ] INFO: initTransaction - amount: 25970, sessionId: 5f559924001b6, buyOrder: 32206, txDate: 06-09-2020, txTime: 23:21:24
[2020-09-06 23:21:24] [INFO ] INFO: initTransaction - initResult: {"return":null,"token":"ed09f4101d4b735e628df9c86714cd768b04d596e52aa1aa6c634fd604126c27","url":"https:\/\/webpay3g.transbank.cl:443\/webpayserver\/initTransaction"}
[2020-09-06 23:24:33] [INFO ] INFO: getTransactionResult - tokenWs: ed09f4101d4b735e628df9c86714cd768b04d596e52aa1aa6c634fd604126c27
[2020-09-06 23:30:30] [INFO ] INFO: initTransaction - amount: 17980, sessionId: 5f559b4616019, buyOrder: 32223, txDate: 06-09-2020, txTime: 23:30:30
[2020-09-06 23:30:30] [INFO ] INFO: initTransaction - initResult: {"return":null,"token":"e8fb9a47eaefc695a529b74bc461189c3f1659bd338490b751fb300582d5ff04","url":"https:\/\/webpay3g.transbank.cl:443\/webpayserver\/initTransaction"}
[2020-09-06 23:57:13] [INFO ] INFO: initTransaction - amount: 48306, sessionId: 5f55a1896f184, buyOrder: 32225, txDate: 06-09-2020, txTime: 23:57:13
[2020-09-06 23:57:13] [INFO ] INFO: initTransaction - initResult: {"return":null,"token":"e3369a3a244ca49d696681e84a3cd9a9abcede777174a4b296749fcefaa7bac3","url":"https:\/\/webpay3g.transbank.cl:443\/webpayserver\/initTransaction"}
