[2020-07-16 01:49:08] [INFO ] INFO: initTransaction - amount: 82890, sessionId: 5f0fea54b8753, buyOrder: 22946, txDate: 16-07-2020, txTime: 01:49:08
[2020-07-16 01:49:08] [INFO ] INFO: initTransaction - initResult: {"return":null,"token":"e10b0205305785da9a24105e939ce2dad2dfc94b966655b36312ccf7f278a13a","url":"https:\/\/webpay3g.transbank.cl:443\/webpayserver\/initTransaction"}
[2020-07-16 01:51:16] [INFO ] INFO: getTransactionResult - tokenWs: e10b0205305785da9a24105e939ce2dad2dfc94b966655b36312ccf7f278a13a
[2020-07-16 03:55:25] [INFO ] INFO: initTransaction - amount: 39990, sessionId: 5f1007ed24d0c, buyOrder: 23002, txDate: 16-07-2020, txTime: 03:55:25
[2020-07-16 03:55:25] [INFO ] INFO: initTransaction - initResult: {"return":null,"token":"ee181cd6c1961576d3d7e81ee2be3e5d4b35ada8a4a6f3bba0856ecdff068dc4","url":"https:\/\/webpay3g.transbank.cl:443\/webpayserver\/initTransaction"}
[2020-07-16 03:56:24] [INFO ] INFO: initTransaction - amount: 39990, sessionId: 5f100828b8f7b, buyOrder: 23002, txDate: 16-07-2020, txTime: 03:56:24
[2020-07-16 03:56:24] [INFO ] INFO: initTransaction - initResult: {"return":null,"token":"eedaeadbcb986e2a8d709f98fc740551e5b6783b63b01cf78fad7a20e476348b","url":"https:\/\/webpay3g.transbank.cl:443\/webpayserver\/initTransaction"}
[2020-07-16 03:58:29] [INFO ] INFO: getTransactionResult - tokenWs: eedaeadbcb986e2a8d709f98fc740551e5b6783b63b01cf78fad7a20e476348b
[2020-07-16 10:23:22] [INFO ] INFO: initTransaction - amount: 135920, sessionId: 5f1062da9521b, buyOrder: 23019, txDate: 16-07-2020, txTime: 10:23:22
[2020-07-16 10:23:22] [INFO ] INFO: initTransaction - initResult: {"return":null,"token":"ec80a2dc62fb337da3827c1774faa0257adac8fbe85ba4b53dc8730ee4787c2a","url":"https:\/\/webpay3g.transbank.cl:443\/webpayserver\/initTransaction"}
[2020-07-16 10:24:57] [INFO ] INFO: getTransactionResult - tokenWs: ec80a2dc62fb337da3827c1774faa0257adac8fbe85ba4b53dc8730ee4787c2a
[2020-07-16 12:11:39] [INFO ] INFO: initTransaction - amount: 140050, sessionId: 5f107c3bab521, buyOrder: 23034, txDate: 16-07-2020, txTime: 12:11:39
[2020-07-16 12:11:40] [INFO ] INFO: initTransaction - initResult: {"return":null,"token":"e69deeabbd7f55ecf598b55c879e66015535db8bdde940e73e546db06bcb16b2","url":"https:\/\/webpay3g.transbank.cl:443\/webpayserver\/initTransaction"}
[2020-07-16 12:13:34] [INFO ] INFO: getTransactionResult - tokenWs: e69deeabbd7f55ecf598b55c879e66015535db8bdde940e73e546db06bcb16b2
[2020-07-16 12:30:48] [INFO ] INFO: initTransaction - amount: 38000, sessionId: 5f1080b8a8ead, buyOrder: 23040, txDate: 16-07-2020, txTime: 12:30:48
[2020-07-16 12:30:48] [INFO ] INFO: initTransaction - initResult: {"return":null,"token":"e79b0162171b150e93ccd7c5c9948102dcee02426f1d2fcac1255f97654f22b0","url":"https:\/\/webpay3g.transbank.cl:443\/webpayserver\/initTransaction"}
[2020-07-16 12:32:16] [INFO ] INFO: getTransactionResult - tokenWs: e79b0162171b150e93ccd7c5c9948102dcee02426f1d2fcac1255f97654f22b0
[2020-07-16 12:33:20] [INFO ] INFO: initTransaction - amount: 0, sessionId: 5f1081507ce13, buyOrder: , txDate: 16-07-2020, txTime: 12:33:20
[2020-07-16 12:33:20] [INFO ] INFO: initTransaction - initResult: {"error":"Error conectando a Webpay (Verificar que la informaci&oacute;n del certificado sea correcta)","detail":" Invalid amount(304) "}
[2020-07-16 12:33:20] [ERROR] ERROR: {"error":"Error al crear la transacci\u00f3n","detail":"No se ha creado la transacci\u00f3n para, amount: 0, sessionId: 5f1081507ce13, buyOrder: "}
[2020-07-16 12:36:11] [INFO ] INFO: initTransaction - amount: 39000, sessionId: 5f1081fb49f55, buyOrder: 23041, txDate: 16-07-2020, txTime: 12:36:11
[2020-07-16 12:36:11] [INFO ] INFO: initTransaction - initResult: {"return":null,"token":"e9e1f92fefe5e25c42ea869e2caae5ca8fe9446869156bdc8cfa0231ddfe4120","url":"https:\/\/webpay3g.transbank.cl:443\/webpayserver\/initTransaction"}
[2020-07-16 12:37:37] [INFO ] INFO: getTransactionResult - tokenWs: e9e1f92fefe5e25c42ea869e2caae5ca8fe9446869156bdc8cfa0231ddfe4120
[2020-07-16 13:50:32] [INFO ] INFO: initTransaction - amount: 54710, sessionId: 5f1093681fd0b, buyOrder: 23031, txDate: 16-07-2020, txTime: 13:50:32
[2020-07-16 13:50:32] [INFO ] INFO: initTransaction - initResult: {"return":null,"token":"e16996e33d984caf8a23c6561a648026e3e8149b93a52afde27ae15f2ac64c69","url":"https:\/\/webpay3g.transbank.cl:443\/webpayserver\/initTransaction"}
[2020-07-16 14:04:40] [INFO ] INFO: initTransaction - amount: 32060, sessionId: 5f1096b8e2898, buyOrder: 23045, txDate: 16-07-2020, txTime: 14:04:40
[2020-07-16 14:04:41] [INFO ] INFO: initTransaction - initResult: {"return":null,"token":"ecf2d05b6bfee4ae0a50bd7d79f2f856d8b7f71734faaee1b62c6bf6775a02f3","url":"https:\/\/webpay3g.transbank.cl:443\/webpayserver\/initTransaction"}
[2020-07-16 14:05:13] [INFO ] INFO: initTransaction - amount: 0, sessionId: 5f1096d93e358, buyOrder: , txDate: 16-07-2020, txTime: 14:05:13
[2020-07-16 14:05:13] [INFO ] INFO: initTransaction - initResult: {"error":"Error conectando a Webpay (Verificar que la informaci&oacute;n del certificado sea correcta)","detail":" Invalid amount(304) "}
[2020-07-16 14:05:13] [ERROR] ERROR: {"error":"Error al crear la transacci\u00f3n","detail":"No se ha creado la transacci\u00f3n para, amount: 0, sessionId: 5f1096d93e358, buyOrder: "}
[2020-07-16 14:05:59] [INFO ] INFO: getTransactionResult - tokenWs: ecf2d05b6bfee4ae0a50bd7d79f2f856d8b7f71734faaee1b62c6bf6775a02f3
[2020-07-16 14:06:12] [INFO ] INFO: initTransaction - amount: 0, sessionId: 5f109714145bc, buyOrder: , txDate: 16-07-2020, txTime: 14:06:12
[2020-07-16 14:06:12] [INFO ] INFO: initTransaction - initResult: {"error":"Error conectando a Webpay (Verificar que la informaci&oacute;n del certificado sea correcta)","detail":" Invalid amount(304) "}
[2020-07-16 14:06:12] [ERROR] ERROR: {"error":"Error al crear la transacci\u00f3n","detail":"No se ha creado la transacci\u00f3n para, amount: 0, sessionId: 5f109714145bc, buyOrder: "}
[2020-07-16 14:06:16] [INFO ] INFO: initTransaction - amount: 0, sessionId: 5f1097185838f, buyOrder: , txDate: 16-07-2020, txTime: 14:06:16
[2020-07-16 14:06:16] [INFO ] INFO: initTransaction - initResult: {"error":"Error conectando a Webpay (Verificar que la informaci&oacute;n del certificado sea correcta)","detail":" Invalid amount(304) "}
[2020-07-16 14:06:16] [ERROR] ERROR: {"error":"Error al crear la transacci\u00f3n","detail":"No se ha creado la transacci\u00f3n para, amount: 0, sessionId: 5f1097185838f, buyOrder: "}
[2020-07-16 14:06:18] [INFO ] INFO: initTransaction - amount: 0, sessionId: 5f10971a911e8, buyOrder: , txDate: 16-07-2020, txTime: 14:06:18
[2020-07-16 14:06:18] [INFO ] INFO: initTransaction - initResult: {"error":"Error conectando a Webpay (Verificar que la informaci&oacute;n del certificado sea correcta)","detail":" Invalid amount(304) "}
[2020-07-16 14:06:18] [ERROR] ERROR: {"error":"Error al crear la transacci\u00f3n","detail":"No se ha creado la transacci\u00f3n para, amount: 0, sessionId: 5f10971a911e8, buyOrder: "}
[2020-07-16 14:52:39] [INFO ] INFO: initTransaction - amount: 256540, sessionId: 5f10a1f778f33, buyOrder: 19671, txDate: 16-07-2020, txTime: 14:52:39
[2020-07-16 14:52:39] [INFO ] INFO: initTransaction - initResult: {"return":null,"token":"ec73933527f16d395cb4cd80486069dea174089f4495f11e430fdfe31a045d88","url":"https:\/\/webpay3g.transbank.cl:443\/webpayserver\/initTransaction"}
[2020-07-16 14:54:42] [INFO ] INFO: getTransactionResult - tokenWs: ec73933527f16d395cb4cd80486069dea174089f4495f11e430fdfe31a045d88
[2020-07-16 15:42:31] [INFO ] INFO: initTransaction - amount: 14980, sessionId: 5f10ada7d38fc, buyOrder: 23060, txDate: 16-07-2020, txTime: 15:42:31
[2020-07-16 15:42:32] [INFO ] INFO: initTransaction - initResult: {"return":null,"token":"ec4e536407eeafc8be28f18fc74cd045d4e1613f11831109c293d59b35731c05","url":"https:\/\/webpay3g.transbank.cl:443\/webpayserver\/initTransaction"}
[2020-07-16 15:46:34] [INFO ] INFO: getTransactionResult - tokenWs: ec4e536407eeafc8be28f18fc74cd045d4e1613f11831109c293d59b35731c05
[2020-07-16 16:41:40] [INFO ] INFO: initTransaction - amount: 15960, sessionId: 5f10bb845f37d, buyOrder: 23068, txDate: 16-07-2020, txTime: 16:41:40
[2020-07-16 16:41:40] [INFO ] INFO: initTransaction - initResult: {"return":null,"token":"ed6c1e63f9e0b88f92a9440b629bc7a1226fae5c160597573fd0213f8852b1c5","url":"https:\/\/webpay3g.transbank.cl:443\/webpayserver\/initTransaction"}
[2020-07-16 16:45:46] [INFO ] INFO: initTransaction - amount: 15960, sessionId: 5f10bc7a43690, buyOrder: 23068, txDate: 16-07-2020, txTime: 16:45:46
[2020-07-16 16:45:46] [INFO ] INFO: initTransaction - initResult: {"return":null,"token":"e4fefc86f271828ab13a8d495c488589d92d24b4bbccaada05ae9d583e47d843","url":"https:\/\/webpay3g.transbank.cl:443\/webpayserver\/initTransaction"}
[2020-07-16 16:47:33] [INFO ] INFO: getTransactionResult - tokenWs: e4fefc86f271828ab13a8d495c488589d92d24b4bbccaada05ae9d583e47d843
[2020-07-16 16:54:13] [INFO ] INFO: initTransaction - amount: 7960, sessionId: 5f10be7529546, buyOrder: 23004, txDate: 16-07-2020, txTime: 16:54:13
[2020-07-16 16:54:13] [INFO ] INFO: initTransaction - initResult: {"return":null,"token":"e165b7232be3e916caf405bc73e1c90c323755945e381cd651678c2033647de6","url":"https:\/\/webpay3g.transbank.cl:443\/webpayserver\/initTransaction"}
[2020-07-16 16:56:33] [INFO ] INFO: getTransactionResult - tokenWs: e165b7232be3e916caf405bc73e1c90c323755945e381cd651678c2033647de6
[2020-07-16 17:22:30] [INFO ] INFO: initTransaction - amount: 80690, sessionId: 5f10c51610760, buyOrder: 23072, txDate: 16-07-2020, txTime: 17:22:30
[2020-07-16 17:22:30] [INFO ] INFO: initTransaction - initResult: {"return":null,"token":"e91bee4e9dd01d1712c4d00e1296c32e773d4ea62cd7241a7a5ec90d116587f9","url":"https:\/\/webpay3g.transbank.cl:443\/webpayserver\/initTransaction"}
[2020-07-16 17:24:16] [INFO ] INFO: getTransactionResult - tokenWs: e91bee4e9dd01d1712c4d00e1296c32e773d4ea62cd7241a7a5ec90d116587f9
[2020-07-16 20:00:01] [INFO ] INFO: initTransaction - amount: 30440, sessionId: 5f10ea0177804, buyOrder: 23085, txDate: 16-07-2020, txTime: 20:00:01
[2020-07-16 20:00:01] [INFO ] INFO: initTransaction - initResult: {"return":null,"token":"ead65156b4496174bd52b2d97607cc09201267137a9d9aa5fac9331d7092b137","url":"https:\/\/webpay3g.transbank.cl:443\/webpayserver\/initTransaction"}
[2020-07-16 20:03:15] [INFO ] INFO: getTransactionResult - tokenWs: ead65156b4496174bd52b2d97607cc09201267137a9d9aa5fac9331d7092b137
[2020-07-16 20:39:50] [INFO ] INFO: initTransaction - amount: 136990, sessionId: 5f10f356e6c35, buyOrder: 23091, txDate: 16-07-2020, txTime: 20:39:50
[2020-07-16 20:39:51] [INFO ] INFO: initTransaction - initResult: {"return":null,"token":"e091641f2fd45756f9b4ca9d497f9d9679394a9bf738a9bcfd9a190da3d6044e","url":"https:\/\/webpay3g.transbank.cl:443\/webpayserver\/initTransaction"}
[2020-07-16 20:42:01] [INFO ] INFO: getTransactionResult - tokenWs: e091641f2fd45756f9b4ca9d497f9d9679394a9bf738a9bcfd9a190da3d6044e
[2020-07-16 21:15:25] [INFO ] INFO: initTransaction - amount: 50145, sessionId: 5f10fbad34c5c, buyOrder: 23101, txDate: 16-07-2020, txTime: 21:15:25
[2020-07-16 21:15:25] [INFO ] INFO: initTransaction - initResult: {"return":null,"token":"e8e162e1629f0c3a64b3f94c506d66ab7b4fb1462896e02701b023e9375d42bf","url":"https:\/\/webpay3g.transbank.cl:443\/webpayserver\/initTransaction"}
[2020-07-16 21:17:47] [INFO ] INFO: getTransactionResult - tokenWs: e8e162e1629f0c3a64b3f94c506d66ab7b4fb1462896e02701b023e9375d42bf
[2020-07-16 21:21:25] [INFO ] INFO: initTransaction - amount: 32920, sessionId: 5f10fd1531e04, buyOrder: 23103, txDate: 16-07-2020, txTime: 21:21:25
[2020-07-16 21:21:25] [INFO ] INFO: initTransaction - initResult: {"return":null,"token":"ec8c9d6f6a9a5d92c6877ed77ae268c47f5f5198f69228eda1edf544a5d2944b","url":"https:\/\/webpay3g.transbank.cl:443\/webpayserver\/initTransaction"}
[2020-07-16 21:23:35] [INFO ] INFO: getTransactionResult - tokenWs: ec8c9d6f6a9a5d92c6877ed77ae268c47f5f5198f69228eda1edf544a5d2944b
[2020-07-16 22:04:06] [INFO ] INFO: initTransaction - amount: 30279, sessionId: 5f11071667df7, buyOrder: 23109, txDate: 16-07-2020, txTime: 22:04:06
[2020-07-16 22:04:06] [INFO ] INFO: initTransaction - initResult: {"return":null,"token":"eddbe71d648232c5496ab55c3135edf3e45264cb6dc3ced023778b4332005af6","url":"https:\/\/webpay3g.transbank.cl:443\/webpayserver\/initTransaction"}
[2020-07-16 22:06:08] [INFO ] INFO: getTransactionResult - tokenWs: eddbe71d648232c5496ab55c3135edf3e45264cb6dc3ced023778b4332005af6
[2020-07-16 22:11:03] [INFO ] INFO: initTransaction - amount: 32060, sessionId: 5f1108b7f305f, buyOrder: 23115, txDate: 16-07-2020, txTime: 22:11:03
[2020-07-16 22:11:04] [INFO ] INFO: initTransaction - initResult: {"return":null,"token":"e1e944cb247b264b3983f5fcdecad4e198303b953c9b3a096bce71230bfc7542","url":"https:\/\/webpay3g.transbank.cl:443\/webpayserver\/initTransaction"}
[2020-07-16 22:41:42] [INFO ] INFO: initTransaction - amount: 160705, sessionId: 5f110fe630de1, buyOrder: 23110, txDate: 16-07-2020, txTime: 22:41:42
[2020-07-16 22:41:42] [INFO ] INFO: initTransaction - initResult: {"return":null,"token":"ecc53dc8b53927034c703be47bd4dd4cbcc98f3a12d37319bdc212733d9f96ca","url":"https:\/\/webpay3g.transbank.cl:443\/webpayserver\/initTransaction"}
[2020-07-16 22:42:28] [INFO ] INFO: getTransactionResult - tokenWs: ecc53dc8b53927034c703be47bd4dd4cbcc98f3a12d37319bdc212733d9f96ca
[2020-07-16 22:49:13] [INFO ] INFO: initTransaction - amount: 20980, sessionId: 5f1111a91d354, buyOrder: 23119, txDate: 16-07-2020, txTime: 22:49:13
[2020-07-16 22:49:13] [INFO ] INFO: initTransaction - initResult: {"return":null,"token":"e2239bad9a35680ce07cbe90b1c27cf8fb4993e500b1ea1f4547b22915735eec","url":"https:\/\/webpay3g.transbank.cl:443\/webpayserver\/initTransaction"}
[2020-07-16 22:51:21] [INFO ] INFO: initTransaction - amount: 20980, sessionId: 5f1112299e7dd, buyOrder: 23119, txDate: 16-07-2020, txTime: 22:51:21
[2020-07-16 22:51:21] [INFO ] INFO: initTransaction - initResult: {"return":null,"token":"eafb50be96361b633c65cbc239d1cfef19a3bd52debb130457f5cd3eec9e8722","url":"https:\/\/webpay3g.transbank.cl:443\/webpayserver\/initTransaction"}
[2020-07-16 22:52:37] [INFO ] INFO: getTransactionResult - tokenWs: eafb50be96361b633c65cbc239d1cfef19a3bd52debb130457f5cd3eec9e8722
