[2020-09-14 00:41:00] [INFO ] INFO: initTransaction - amount: 30835, sessionId: 5f5ee64cd8b13, buyOrder: 32785, txDate: 14-09-2020, txTime: 00:41:00
[2020-09-14 00:41:01] [INFO ] INFO: initTransaction - initResult: {"return":null,"token":"e0bf8dbb915b666574e66c0820de2f225ced179c7ae8604159b7d96b6d211921","url":"https:\/\/webpay3g.transbank.cl:443\/webpayserver\/initTransaction"}
[2020-09-14 01:32:06] [INFO ] INFO: initTransaction - amount: 9570, sessionId: 5f5ef2465b6cc, buyOrder: 33032, txDate: 14-09-2020, txTime: 01:32:06
[2020-09-14 01:32:06] [INFO ] INFO: initTransaction - initResult: {"return":null,"token":"e6b23f5966ef8225582459929c5220f5398b2a1d9d1d7a72cadf6d0fdb8b5d83","url":"https:\/\/webpay3g.transbank.cl:443\/webpayserver\/initTransaction"}
[2020-09-14 01:33:18] [INFO ] INFO: getTransactionResult - tokenWs: e6b23f5966ef8225582459929c5220f5398b2a1d9d1d7a72cadf6d0fdb8b5d83
[2020-09-14 09:40:04] [INFO ] INFO: initTransaction - amount: 14980, sessionId: 5f5f64a45095c, buyOrder: 32894, txDate: 14-09-2020, txTime: 09:40:04
[2020-09-14 09:40:04] [INFO ] INFO: initTransaction - initResult: {"return":null,"token":"e0e72ad639d4a4b2804f40b1e40f7d564911cf762441ab9656391f7f3e8403c3","url":"https:\/\/webpay3g.transbank.cl:443\/webpayserver\/initTransaction"}
[2020-09-14 09:41:29] [INFO ] INFO: getTransactionResult - tokenWs: e0e72ad639d4a4b2804f40b1e40f7d564911cf762441ab9656391f7f3e8403c3
[2020-09-14 10:32:39] [INFO ] INFO: initTransaction - amount: 49455, sessionId: 5f5f70f71b286, buyOrder: 32426, txDate: 14-09-2020, txTime: 10:32:39
[2020-09-14 10:32:39] [INFO ] INFO: initTransaction - initResult: {"return":null,"token":"e31646adbe625fe5d08d08911830218a3002ef84e1ab810d5136017703c71fde","url":"https:\/\/webpay3g.transbank.cl:443\/webpayserver\/initTransaction"}
[2020-09-14 10:33:30] [INFO ] INFO: getTransactionResult - tokenWs: e31646adbe625fe5d08d08911830218a3002ef84e1ab810d5136017703c71fde
[2020-09-14 10:38:03] [INFO ] INFO: initTransaction - amount: 0, sessionId: 5f5f723bf08a0, buyOrder: , txDate: 14-09-2020, txTime: 10:38:03
[2020-09-14 10:38:04] [INFO ] INFO: initTransaction - initResult: {"error":"Error conectando a Webpay (Verificar que la informaci&oacute;n del certificado sea correcta)","detail":" Invalid amount(304) "}
[2020-09-14 10:38:04] [ERROR] ERROR: {"error":"Error al crear la transacci\u00f3n","detail":"No se ha creado la transacci\u00f3n para, amount: 0, sessionId: 5f5f723bf08a0, buyOrder: "}
[2020-09-14 10:40:03] [INFO ] INFO: initTransaction - amount: 40282, sessionId: 5f5f72b3412ab, buyOrder: 32756, txDate: 14-09-2020, txTime: 10:40:03
[2020-09-14 10:40:03] [INFO ] INFO: initTransaction - initResult: {"return":null,"token":"e5027f761f207a0c03c845c1e70d0c854f81bf92208a9d837cf0ecc30eb28459","url":"https:\/\/webpay3g.transbank.cl:443\/webpayserver\/initTransaction"}
[2020-09-14 10:42:01] [INFO ] INFO: getTransactionResult - tokenWs: e5027f761f207a0c03c845c1e70d0c854f81bf92208a9d837cf0ecc30eb28459
[2020-09-14 11:01:29] [INFO ] INFO: initTransaction - amount: 99900, sessionId: 5f5f77b95d3a1, buyOrder: 33046, txDate: 14-09-2020, txTime: 11:01:29
[2020-09-14 11:01:29] [INFO ] INFO: initTransaction - initResult: {"return":null,"token":"e8212ef1f7e4ef2bd78c8fb2bdb28d4dbda9fb17105ee2109d1210e1e095820c","url":"https:\/\/webpay3g.transbank.cl:443\/webpayserver\/initTransaction"}
[2020-09-14 11:02:32] [INFO ] INFO: getTransactionResult - tokenWs: e8212ef1f7e4ef2bd78c8fb2bdb28d4dbda9fb17105ee2109d1210e1e095820c
[2020-09-14 11:04:19] [INFO ] INFO: initTransaction - amount: 59940, sessionId: 5f5f7863b6fed, buyOrder: 33047, txDate: 14-09-2020, txTime: 11:04:19
[2020-09-14 11:04:19] [INFO ] INFO: initTransaction - initResult: {"return":null,"token":"ef8b9b0351476d770357675db399c23bb209b414b8081add4d4bed7126c5074b","url":"https:\/\/webpay3g.transbank.cl:443\/webpayserver\/initTransaction"}
[2020-09-14 11:05:14] [INFO ] INFO: getTransactionResult - tokenWs: ef8b9b0351476d770357675db399c23bb209b414b8081add4d4bed7126c5074b
[2020-09-14 11:06:20] [INFO ] INFO: initTransaction - amount: 59940, sessionId: 5f5f78dc20954, buyOrder: 33048, txDate: 14-09-2020, txTime: 11:06:20
[2020-09-14 11:06:20] [INFO ] INFO: initTransaction - initResult: {"return":null,"token":"ed408b066b28d3cfc53311428f495aec36a1472a138685884edec0bb72f375d2","url":"https:\/\/webpay3g.transbank.cl:443\/webpayserver\/initTransaction"}
[2020-09-14 11:07:52] [INFO ] INFO: getTransactionResult - tokenWs: ed408b066b28d3cfc53311428f495aec36a1472a138685884edec0bb72f375d2
[2020-09-14 11:54:09] [INFO ] INFO: initTransaction - amount: 38960, sessionId: 5f5f8411ccde7, buyOrder: 33055, txDate: 14-09-2020, txTime: 11:54:09
[2020-09-14 11:54:10] [INFO ] INFO: initTransaction - initResult: {"return":null,"token":"ed75743ed06d972c5ac9de83681b9784a3b8d0c4002a2e5b6433e095d2bbd4a0","url":"https:\/\/webpay3g.transbank.cl:443\/webpayserver\/initTransaction"}
[2020-09-14 11:55:08] [INFO ] INFO: getTransactionResult - tokenWs: ed75743ed06d972c5ac9de83681b9784a3b8d0c4002a2e5b6433e095d2bbd4a0
[2020-09-14 12:32:32] [INFO ] INFO: initTransaction - amount: 44970, sessionId: 5f5f8d10c4094, buyOrder: 31920, txDate: 14-09-2020, txTime: 12:32:32
[2020-09-14 12:32:33] [INFO ] INFO: initTransaction - initResult: {"return":null,"token":"eeb0ef72d801755e03b889741090cebab52937836711cd60dd9e05818bd59a67","url":"https:\/\/webpay3g.transbank.cl:443\/webpayserver\/initTransaction"}
[2020-09-14 12:34:03] [INFO ] INFO: getTransactionResult - tokenWs: eeb0ef72d801755e03b889741090cebab52937836711cd60dd9e05818bd59a67
[2020-09-14 12:55:11] [INFO ] INFO: initTransaction - amount: 35030, sessionId: 5f5f925fc9bbd, buyOrder: 32157, txDate: 14-09-2020, txTime: 12:55:11
[2020-09-14 12:55:12] [INFO ] INFO: initTransaction - initResult: {"return":null,"token":"e8b78a2d05abdef6bad82dc37cd04e19f0a6c119d0a176cda09c2111ed2d292f","url":"https:\/\/webpay3g.transbank.cl:443\/webpayserver\/initTransaction"}
[2020-09-14 13:13:55] [INFO ] INFO: initTransaction - amount: 100050, sessionId: 5f5f96c31688c, buyOrder: 33060, txDate: 14-09-2020, txTime: 13:13:55
[2020-09-14 13:13:55] [INFO ] INFO: initTransaction - initResult: {"return":null,"token":"ec445859e954c95740f1ee5a230e6156f4376363671e3ca66e2ef5d7bbabd031","url":"https:\/\/webpay3g.transbank.cl:443\/webpayserver\/initTransaction"}
[2020-09-14 13:15:35] [INFO ] INFO: getTransactionResult - tokenWs: ec445859e954c95740f1ee5a230e6156f4376363671e3ca66e2ef5d7bbabd031
[2020-09-14 15:07:59] [INFO ] INFO: initTransaction - amount: 22484, sessionId: 5f5fb17f98ae3, buyOrder: 33067, txDate: 14-09-2020, txTime: 15:07:59
[2020-09-14 15:07:59] [INFO ] INFO: initTransaction - initResult: {"return":null,"token":"e288c10eb89717f3ee771ac1cd7b9822c374ee40c8fca2ff7a739cc045b537ab","url":"https:\/\/webpay3g.transbank.cl:443\/webpayserver\/initTransaction"}
[2020-09-14 15:09:48] [INFO ] INFO: getTransactionResult - tokenWs: e288c10eb89717f3ee771ac1cd7b9822c374ee40c8fca2ff7a739cc045b537ab
[2020-09-14 15:33:31] [INFO ] INFO: initTransaction - amount: 22484, sessionId: 5f5fb77b1eb2d, buyOrder: 33071, txDate: 14-09-2020, txTime: 15:33:31
[2020-09-14 15:33:31] [INFO ] INFO: initTransaction - initResult: {"return":null,"token":"eb54564abb3eb9189f4168c6638af89f1f37f7be5cb971828a5722b049d21cf6","url":"https:\/\/webpay3g.transbank.cl:443\/webpayserver\/initTransaction"}
[2020-09-14 15:34:53] [INFO ] INFO: getTransactionResult - tokenWs: eb54564abb3eb9189f4168c6638af89f1f37f7be5cb971828a5722b049d21cf6
[2020-09-14 16:15:41] [INFO ] INFO: initTransaction - amount: 13480, sessionId: 5f5fc15d49aa4, buyOrder: 32920, txDate: 14-09-2020, txTime: 16:15:41
[2020-09-14 16:15:41] [INFO ] INFO: initTransaction - initResult: {"return":null,"token":"edf4864892d0331faa92ce335650c4493b3292e39bd229ecdceb6da0911b770c","url":"https:\/\/webpay3g.transbank.cl:443\/webpayserver\/initTransaction"}
[2020-09-14 16:17:16] [INFO ] INFO: getTransactionResult - tokenWs: edf4864892d0331faa92ce335650c4493b3292e39bd229ecdceb6da0911b770c
[2020-09-14 16:48:09] [INFO ] INFO: initTransaction - amount: 22970, sessionId: 5f5fc8f91f327, buyOrder: 33075, txDate: 14-09-2020, txTime: 16:48:09
[2020-09-14 16:48:09] [INFO ] INFO: initTransaction - initResult: {"return":null,"token":"e9152acde02d8387a80d70bfc905b90ccbdc1181a5d624904676446e15eac229","url":"https:\/\/webpay3g.transbank.cl:443\/webpayserver\/initTransaction"}
[2020-09-14 16:49:58] [INFO ] INFO: getTransactionResult - tokenWs: e9152acde02d8387a80d70bfc905b90ccbdc1181a5d624904676446e15eac229
[2020-09-14 17:07:51] [INFO ] INFO: initTransaction - amount: 39900, sessionId: 5f5fcd9707660, buyOrder: 33079, txDate: 14-09-2020, txTime: 17:07:51
[2020-09-14 17:07:51] [INFO ] INFO: initTransaction - initResult: {"return":null,"token":"ebf6bc7c17636c22eccde18b99974ec4f644af16dbab3012f2714a5774bfa7e6","url":"https:\/\/webpay3g.transbank.cl:443\/webpayserver\/initTransaction"}
[2020-09-14 17:08:51] [INFO ] INFO: getTransactionResult - tokenWs: ebf6bc7c17636c22eccde18b99974ec4f644af16dbab3012f2714a5774bfa7e6
[2020-09-14 19:11:23] [INFO ] INFO: initTransaction - amount: 27450, sessionId: 5f5fea8b878d6, buyOrder: 33090, txDate: 14-09-2020, txTime: 19:11:23
[2020-09-14 19:11:23] [INFO ] INFO: initTransaction - initResult: {"return":null,"token":"e83e293382038b9968c30b96e6163992a13de6e9f0446b1978853eb3a13db3b9","url":"https:\/\/webpay3g.transbank.cl:443\/webpayserver\/initTransaction"}
[2020-09-14 19:12:46] [INFO ] INFO: getTransactionResult - tokenWs: e83e293382038b9968c30b96e6163992a13de6e9f0446b1978853eb3a13db3b9
[2020-09-14 19:16:49] [INFO ] INFO: initTransaction - amount: 96430, sessionId: 5f5febd1e510f, buyOrder: 33091, txDate: 14-09-2020, txTime: 19:16:49
[2020-09-14 19:16:50] [INFO ] INFO: initTransaction - initResult: {"return":null,"token":"e426bf8e0c3a80aa1f510c356178c2b9562f68a0a706fa438676cebc13009702","url":"https:\/\/webpay3g.transbank.cl:443\/webpayserver\/initTransaction"}
[2020-09-14 19:18:07] [INFO ] INFO: getTransactionResult - tokenWs: e426bf8e0c3a80aa1f510c356178c2b9562f68a0a706fa438676cebc13009702
[2020-09-14 20:28:47] [INFO ] INFO: initTransaction - amount: 15960, sessionId: 5f5ffcaf104c4, buyOrder: 32671, txDate: 14-09-2020, txTime: 20:28:47
[2020-09-14 20:28:47] [INFO ] INFO: initTransaction - initResult: {"return":null,"token":"ec1977bf4fe1e9100b364223e4f7420647da5ea747c5404e1aef23af1428b68e","url":"https:\/\/webpay3g.transbank.cl:443\/webpayserver\/initTransaction"}
[2020-09-14 21:50:50] [INFO ] INFO: initTransaction - amount: 71900, sessionId: 5f600feaa628b, buyOrder: 32810, txDate: 14-09-2020, txTime: 21:50:50
[2020-09-14 21:50:50] [INFO ] INFO: initTransaction - initResult: {"return":null,"token":"e1f6dc847297ad27bc840a046c9adc600311df88274c4cd972ae6e06aa393d08","url":"https:\/\/webpay3g.transbank.cl:443\/webpayserver\/initTransaction"}
[2020-09-14 21:56:46] [INFO ] INFO: initTransaction - amount: 63960, sessionId: 5f60114e36a5a, buyOrder: 33102, txDate: 14-09-2020, txTime: 21:56:46
[2020-09-14 21:56:46] [INFO ] INFO: initTransaction - initResult: {"return":null,"token":"ec4de392a30101653d2f95fc7f69fe17a2f935007dc8210a7264b342b681a572","url":"https:\/\/webpay3g.transbank.cl:443\/webpayserver\/initTransaction"}
[2020-09-14 21:58:27] [INFO ] INFO: initTransaction - amount: 63960, sessionId: 5f6011b3da70a, buyOrder: 33102, txDate: 14-09-2020, txTime: 21:58:27
[2020-09-14 21:58:28] [INFO ] INFO: initTransaction - initResult: {"return":null,"token":"e82087e398149881952d6a77f9764c005550ede5bd22fb114c626b1533231e87","url":"https:\/\/webpay3g.transbank.cl:443\/webpayserver\/initTransaction"}
[2020-09-14 21:58:43] [INFO ] INFO: initTransaction - amount: 63960, sessionId: 5f6011c374e3b, buyOrder: 33102, txDate: 14-09-2020, txTime: 21:58:43
[2020-09-14 21:58:43] [INFO ] INFO: initTransaction - initResult: {"return":null,"token":"e557c35362d5c1d3bf4b14d058d8014241b75f8162b8e55e8be8743db5783b61","url":"https:\/\/webpay3g.transbank.cl:443\/webpayserver\/initTransaction"}
[2020-09-14 21:59:33] [INFO ] INFO: getTransactionResult - tokenWs: e557c35362d5c1d3bf4b14d058d8014241b75f8162b8e55e8be8743db5783b61
[2020-09-14 22:04:26] [INFO ] INFO: initTransaction - amount: 22484, sessionId: 5f60131a3b92e, buyOrder: 33015, txDate: 14-09-2020, txTime: 22:04:26
[2020-09-14 22:04:26] [INFO ] INFO: initTransaction - initResult: {"return":null,"token":"e5c11d2361d9df2d18fe88472cc43aa47f363c6b3c504c5e1f575a4c57e67181","url":"https:\/\/webpay3g.transbank.cl:443\/webpayserver\/initTransaction"}
[2020-09-14 22:06:56] [INFO ] INFO: getTransactionResult - tokenWs: e5c11d2361d9df2d18fe88472cc43aa47f363c6b3c504c5e1f575a4c57e67181
[2020-09-14 22:17:37] [INFO ] INFO: initTransaction - amount: 39990, sessionId: 5f6016318307b, buyOrder: 33107, txDate: 14-09-2020, txTime: 22:17:37
[2020-09-14 22:17:37] [INFO ] INFO: initTransaction - initResult: {"return":null,"token":"e8cf4ee70d2e77f7038c418d6a489cf64d27c687ab0de9b9baf4778a16325a58","url":"https:\/\/webpay3g.transbank.cl:443\/webpayserver\/initTransaction"}
[2020-09-14 22:23:03] [INFO ] INFO: initTransaction - amount: 58950, sessionId: 5f60177792e10, buyOrder: 32300, txDate: 14-09-2020, txTime: 22:23:03
[2020-09-14 22:23:03] [INFO ] INFO: initTransaction - initResult: {"return":null,"token":"efe68db034a7f665c6f259f9cc71fe2d612f796d0942715c3d2cb36707a58e36","url":"https:\/\/webpay3g.transbank.cl:443\/webpayserver\/initTransaction"}
[2020-09-14 22:25:01] [INFO ] INFO: getTransactionResult - tokenWs: efe68db034a7f665c6f259f9cc71fe2d612f796d0942715c3d2cb36707a58e36
[2020-09-14 23:26:45] [INFO ] INFO: initTransaction - amount: 79950, sessionId: 5f60266514341, buyOrder: 33110, txDate: 14-09-2020, txTime: 23:26:45
[2020-09-14 23:26:45] [INFO ] INFO: initTransaction - initResult: {"return":null,"token":"e50a58b90b7830310bb475e98bd54af394de5b1d087bcf15fcf1e13419e3a96f","url":"https:\/\/webpay3g.transbank.cl:443\/webpayserver\/initTransaction"}
[2020-09-14 23:28:41] [INFO ] INFO: getTransactionResult - tokenWs: e50a58b90b7830310bb475e98bd54af394de5b1d087bcf15fcf1e13419e3a96f
